<?xml version="1.0" encoding="UTF-8"?>
<!-- Generated by org.testng.reporters.JUnitXMLReporter -->
<testsuite ignored="8" hostname="LAPTOP-5F1O7FD6" failures="0" tests="6" name="Regression Test" time="95.812" errors="0" timestamp="2020-01-25T21:13:34 CST">
  <testcase classname="com.hrms.testcases.AddEmployeePagemine" name="addEmpValidation" time="11.156"/>
  <testcase classname="com.hrms.testcases.LeaveListPageTest" name="leaveLabelvalidation" time="4.797"/>
  <testcase classname="com.hrms.testcases.LeaveListPageTest" name="leaveLabelvalidation1" time="6.097"/>
  <testcase classname="com.hrms.testcases.LoginPageTest" name="negativeLogin" time="5.399"/>
  <testcase classname="com.hrms.testcases.XLAddEmpTest" name="addEmpFromExl" time="10.127"/>
  <testcase classname="com.hrms.testcases.XLAddEmpTest" name="addEmpFromExl" time="10.252"/>
  <testcase classname="com.hrms.testcases.LoginPageTest" name="loginProperties" time="0.0">
    <ignored/>
  </testcase> <!-- loginProperties -->
  <testcase classname="com.hrms.testbase.BaseClass" name="@AfterTest writeReport" time="0.0">
    <ignored/>
  </testcase> <!-- @AfterTest writeReport -->
  <testcase classname="com.hrms.testbase.BaseClass" name="@AfterTest writeReport" time="0.0">
    <ignored/>
  </testcase> <!-- @AfterTest writeReport -->
  <testcase classname="com.hrms.testbase.BaseClass" name="@AfterTest writeReport" time="0.0">
    <ignored/>
  </testcase> <!-- @AfterTest writeReport -->
  <testcase classname="com.hrms.testbase.BaseClass" name="@BeforeTest generateReports" time="0.0">
    <ignored/>
  </testcase> <!-- @BeforeTest generateReports -->
  <testcase classname="com.hrms.testbase.BaseClass" name="@BeforeTest generateReports" time="0.0">
    <ignored/>
  </testcase> <!-- @BeforeTest generateReports -->
  <testcase classname="com.hrms.testbase.BaseClass" name="@BeforeTest generateReports" time="0.0">
    <ignored/>
  </testcase> <!-- @BeforeTest generateReports -->
  <testcase classname="com.hrms.testcases.XlRead" name="excel" time="0.0">
    <ignored/>
  </testcase> <!-- excel -->
</testsuite> <!-- Regression Test -->
