<?xml version="1.0" encoding="UTF-8"?>
<testng-results ignored="8" total="14" passed="6" failed="0" skipped="0">
  <reporter-output>
  </reporter-output>
  <suite started-at="2020-01-25T21:11:58 CST" name="Regression Suite" finished-at="2020-01-25T21:13:34 CST" duration-ms="95812">
    <groups>
      <group name="regression">
        <method signature="AddEmployeePagemine.addEmpValidation()[pri:0, instance:com.hrms.testcases.AddEmployeePagemine@5ccddd20]" name="addEmpValidation" class="com.hrms.testcases.AddEmployeePagemine"/>
        <method signature="LeaveListPageTest.leaveLabelvalidation()[pri:0, instance:com.hrms.testcases.LeaveListPageTest@7c0c77c7]" name="leaveLabelvalidation" class="com.hrms.testcases.LeaveListPageTest"/>
        <method signature="LeaveListPageTest.leaveLabelvalidation1()[pri:0, instance:com.hrms.testcases.LeaveListPageTest@7c0c77c7]" name="leaveLabelvalidation1" class="com.hrms.testcases.LeaveListPageTest"/>
        <method signature="LoginPageTest.negativeLogin()[pri:0, instance:com.hrms.testcases.LoginPageTest@7adda9cc]" name="negativeLogin" class="com.hrms.testcases.LoginPageTest"/>
        <method signature="XLAddEmpTest.addEmpFromExl(java.lang.String, java.lang.String)[pri:0, instance:com.hrms.testcases.XLAddEmpTest@5cee5251]" name="addEmpFromExl" class="com.hrms.testcases.XLAddEmpTest"/>
      </group> <!-- regression -->
    </groups>
    <test started-at="2020-01-25T21:11:58 CST" name="Regression Test" finished-at="2020-01-25T21:13:34 CST" duration-ms="95812">
      <class name="com.hrms.testcases.XLAddEmpTest">
        <test-method is-config="true" signature="setUp()[pri:0, instance:com.hrms.testcases.XLAddEmpTest@5cee5251]" started-at="2020-01-25T21:12:58 CST" name="setUp" finished-at="2020-01-25T21:13:04 CST" duration-ms="6352" status="PASS">
          <reporter-output>
          </reporter-output>
        </test-method> <!-- setUp -->
        <test-method signature="addEmpFromExl(java.lang.String, java.lang.String)[pri:0, instance:com.hrms.testcases.XLAddEmpTest@5cee5251]" started-at="2020-01-25T21:13:04 CST" name="addEmpFromExl" data-provider="getData" finished-at="2020-01-25T21:13:15 CST" duration-ms="10127" status="PASS">
          <params>
            <param index="0">
              <value>
                <![CDATA[mavi]]>
              </value>
            </param>
            <param index="1">
              <value>
                <![CDATA[sari]]>
              </value>
            </param>
          </params>
          <reporter-output>
          </reporter-output>
        </test-method> <!-- addEmpFromExl -->
        <test-method is-config="true" signature="tearDown()[pri:0, instance:com.hrms.testcases.XLAddEmpTest@5cee5251]" started-at="2020-01-25T21:13:15 CST" name="tearDown" finished-at="2020-01-25T21:13:16 CST" duration-ms="1050" status="PASS">
          <reporter-output>
          </reporter-output>
        </test-method> <!-- tearDown -->
        <test-method is-config="true" signature="setUp()[pri:0, instance:com.hrms.testcases.XLAddEmpTest@5cee5251]" started-at="2020-01-25T21:13:16 CST" name="setUp" finished-at="2020-01-25T21:13:22 CST" duration-ms="6241" status="PASS">
          <reporter-output>
          </reporter-output>
        </test-method> <!-- setUp -->
        <test-method signature="addEmpFromExl(java.lang.String, java.lang.String)[pri:0, instance:com.hrms.testcases.XLAddEmpTest@5cee5251]" started-at="2020-01-25T21:13:22 CST" name="addEmpFromExl" data-provider="getData" finished-at="2020-01-25T21:13:32 CST" duration-ms="10252" status="PASS">
          <params>
            <param index="0">
              <value>
                <![CDATA[beyaz]]>
              </value>
            </param>
            <param index="1">
              <value>
                <![CDATA[yesil]]>
              </value>
            </param>
          </params>
          <reporter-output>
          </reporter-output>
        </test-method> <!-- addEmpFromExl -->
        <test-method is-config="true" signature="tearDown()[pri:0, instance:com.hrms.testcases.XLAddEmpTest@5cee5251]" started-at="2020-01-25T21:13:33 CST" name="tearDown" finished-at="2020-01-25T21:13:34 CST" duration-ms="780" status="PASS">
          <reporter-output>
          </reporter-output>
        </test-method> <!-- tearDown -->
      </class> <!-- com.hrms.testcases.XLAddEmpTest -->
      <class name="com.hrms.testcases.AddEmployeePagemine">
        <test-method is-config="true" signature="generateReports()[pri:0, instance:com.hrms.testcases.AddEmployeePagemine@5ccddd20]" started-at="2020-01-25T21:11:58 CST" name="generateReports" finished-at="2020-01-25T21:11:59 CST" duration-ms="299" status="PASS">
          <reporter-output>
          </reporter-output>
        </test-method> <!-- generateReports -->
        <test-method is-config="true" signature="setUp()[pri:0, instance:com.hrms.testcases.AddEmployeePagemine@5ccddd20]" started-at="2020-01-25T21:11:59 CST" name="setUp" finished-at="2020-01-25T21:12:06 CST" duration-ms="7255" status="PASS">
          <reporter-output>
          </reporter-output>
        </test-method> <!-- setUp -->
        <test-method signature="addEmpValidation()[pri:0, instance:com.hrms.testcases.AddEmployeePagemine@5ccddd20]" started-at="2020-01-25T21:12:06 CST" name="addEmpValidation" finished-at="2020-01-25T21:12:17 CST" duration-ms="11156" status="PASS">
          <reporter-output>
          </reporter-output>
        </test-method> <!-- addEmpValidation -->
        <test-method is-config="true" signature="tearDown()[pri:0, instance:com.hrms.testcases.AddEmployeePagemine@5ccddd20]" started-at="2020-01-25T21:12:18 CST" name="tearDown" finished-at="2020-01-25T21:12:18 CST" duration-ms="796" status="PASS">
          <reporter-output>
          </reporter-output>
        </test-method> <!-- tearDown -->
        <test-method is-config="true" signature="writeReport()[pri:0, instance:com.hrms.testcases.AddEmployeePagemine@5ccddd20]" started-at="2020-01-25T21:13:34 CST" name="writeReport" finished-at="2020-01-25T21:13:34 CST" duration-ms="483" status="PASS">
          <reporter-output>
          </reporter-output>
        </test-method> <!-- writeReport -->
      </class> <!-- com.hrms.testcases.AddEmployeePagemine -->
      <class name="com.hrms.testcases.LoginPageTest">
        <test-method is-config="true" signature="setUp()[pri:0, instance:com.hrms.testcases.LoginPageTest@7adda9cc]" started-at="2020-01-25T21:12:44 CST" name="setUp" finished-at="2020-01-25T21:12:51 CST" duration-ms="6345" status="PASS">
          <reporter-output>
          </reporter-output>
        </test-method> <!-- setUp -->
        <test-method signature="negativeLogin()[pri:0, instance:com.hrms.testcases.LoginPageTest@7adda9cc]" started-at="2020-01-25T21:12:51 CST" name="negativeLogin" finished-at="2020-01-25T21:12:56 CST" duration-ms="5399" status="PASS">
          <reporter-output>
          </reporter-output>
        </test-method> <!-- negativeLogin -->
        <test-method is-config="true" signature="tearDown()[pri:0, instance:com.hrms.testcases.LoginPageTest@7adda9cc]" started-at="2020-01-25T21:12:56 CST" name="tearDown" finished-at="2020-01-25T21:12:57 CST" duration-ms="835" status="PASS">
          <reporter-output>
          </reporter-output>
        </test-method> <!-- tearDown -->
      </class> <!-- com.hrms.testcases.LoginPageTest -->
      <class name="com.hrms.testcases.LeaveListPageTest">
        <test-method is-config="true" signature="setUp()[pri:0, instance:com.hrms.testcases.LeaveListPageTest@7c0c77c7]" started-at="2020-01-25T21:12:18 CST" name="setUp" finished-at="2020-01-25T21:12:25 CST" duration-ms="6263" status="PASS">
          <reporter-output>
          </reporter-output>
        </test-method> <!-- setUp -->
        <test-method signature="leaveLabelvalidation()[pri:0, instance:com.hrms.testcases.LeaveListPageTest@7c0c77c7]" started-at="2020-01-25T21:12:25 CST" name="leaveLabelvalidation" finished-at="2020-01-25T21:12:29 CST" duration-ms="4797" status="PASS">
          <reporter-output>
          </reporter-output>
        </test-method> <!-- leaveLabelvalidation -->
        <test-method is-config="true" signature="tearDown()[pri:0, instance:com.hrms.testcases.LeaveListPageTest@7c0c77c7]" started-at="2020-01-25T21:12:30 CST" name="tearDown" finished-at="2020-01-25T21:12:31 CST" duration-ms="774" status="PASS">
          <reporter-output>
          </reporter-output>
        </test-method> <!-- tearDown -->
        <test-method is-config="true" signature="setUp()[pri:0, instance:com.hrms.testcases.LeaveListPageTest@7c0c77c7]" started-at="2020-01-25T21:12:31 CST" name="setUp" finished-at="2020-01-25T21:12:37 CST" duration-ms="6368" status="PASS">
          <reporter-output>
          </reporter-output>
        </test-method> <!-- setUp -->
        <test-method signature="leaveLabelvalidation1()[pri:0, instance:com.hrms.testcases.LeaveListPageTest@7c0c77c7]" started-at="2020-01-25T21:12:37 CST" name="leaveLabelvalidation1" finished-at="2020-01-25T21:12:43 CST" duration-ms="6097" status="PASS">
          <reporter-output>
          </reporter-output>
        </test-method> <!-- leaveLabelvalidation1 -->
        <test-method is-config="true" signature="tearDown()[pri:0, instance:com.hrms.testcases.LeaveListPageTest@7c0c77c7]" started-at="2020-01-25T21:12:44 CST" name="tearDown" finished-at="2020-01-25T21:12:44 CST" duration-ms="788" status="PASS">
          <reporter-output>
          </reporter-output>
        </test-method> <!-- tearDown -->
      </class> <!-- com.hrms.testcases.LeaveListPageTest -->
    </test> <!-- Regression Test -->
  </suite> <!-- Regression Suite -->
</testng-results>
